<?xml version="1.0" encoding="UTF-8"?>
<!-- Generated by org.testng.reporters.JUnitReportReporter -->
<testsuite hostname="DESKTOP-GCKSATM" name="pe.visorweb.categoria.CategoriaTest" tests="2" failures="0" timestamp="5 Jun 2021 20:43:33 GMT" time="31.765" errors="0">
  <testcase name="testInsertarCategoriaExitosa" time="12.330" classname="pe.visorweb.categoria.CategoriaTest"/>
  <testcase name="testInsertarCategoriaDatosVacio" time="19.435" classname="pe.visorweb.categoria.CategoriaTest"/>
</testsuite> <!-- pe.visorweb.categoria.CategoriaTest -->
