<?xml version="1.0" encoding="UTF-8"?>
<!-- Generated by org.testng.reporters.JUnitReportReporter -->
<testsuite hostname="DESKTOP-GCKSATM" name="pe.visorweb.categoria.EditarCategoriaPomTest" tests="1" failures="0" timestamp="6 Jun 2021 00:53:43 GMT" time="17.675" errors="0">
  <testcase name="testEditarCategoriaExitosa" time="17.675" classname="pe.visorweb.categoria.EditarCategoriaPomTest"/>
</testsuite> <!-- pe.visorweb.categoria.EditarCategoriaPomTest -->
